<?xml version="1.0" encoding="UTF-8"?>
<testsuite name="SILab2Test" tests="1" skipped="0" failures="0" errors="0" timestamp="2021-05-22T13:46:00" hostname="LAPTOP-R0OVPL9L" time="0.04">
  <properties/>
  <testcase name="multipleCondition()" classname="SILab2Test" time="0.04"/>
  <system-out><![CDATA[]]></system-out>
  <system-err><![CDATA[]]></system-err>
</testsuite>
